  Application.cpp
D:\Wamp64\www\GitHub\Shado-OpenGL\Learning OpenGL\src\core\Application.cpp(36,58): warning C4390: ';': empty controlled statement found; is this the intent?
  Buffer.cpp
  EditorCamera.cpp
  OrbitCamera.cpp
  OrthoCamera.cpp
  input.cpp
  Shader.cpp
D:\Wamp64\www\GitHub\Shado-OpenGL\Learning OpenGL\src\core\Shader.cpp(70,16): warning C4244: 'initializing': conversion from 'std::streamoff' to 'size_t', possible loss of data
  Texture2D.cpp
  Util.cpp
D:\Wamp64\www\GitHub\Shado-OpenGL\Learning OpenGL\src\core\util\Util.cpp(56,51): warning C4244: 'argument': conversion from 'double' to 'float', possible loss of data
D:\Wamp64\www\GitHub\Shado-OpenGL\Learning OpenGL\src\core\util\Util.cpp(56,40): warning C4244: 'argument': conversion from 'double' to 'float', possible loss of data
D:\Wamp64\www\GitHub\Shado-OpenGL\Learning OpenGL\src\core\util\Util.cpp(56,29): warning C4244: 'argument': conversion from 'double' to 'float', possible loss of data
D:\Wamp64\www\GitHub\Shado-OpenGL\Learning OpenGL\src\core\util\Util.cpp(56,18): warning C4244: 'argument': conversion from 'double' to 'float', possible loss of data
D:\Wamp64\www\GitHub\Shado-OpenGL\Learning OpenGL\src\core\util\Util.cpp(76,31): warning C4244: 'argument': conversion from 'double' to 'unsigned char', possible loss of data
D:\Wamp64\www\GitHub\Shado-OpenGL\Learning OpenGL\src\core\util\Util.cpp(76,28): warning C4244: 'argument': conversion from 'double' to 'unsigned char', possible loss of data
D:\Wamp64\www\GitHub\Shado-OpenGL\Learning OpenGL\src\core\util\Util.cpp(76,25): warning C4244: 'argument': conversion from 'double' to 'unsigned char', possible loss of data
  Debug.cpp
  Renderer2D.cpp
  VertexArray.cpp
  stb_image.cpp
  glm.cpp
  Learning OpenGL.vcxproj -> D:\Wamp64\www\GitHub\Shado-OpenGL\Release\Learning OpenGL.lib
