d:\wamp64\www\github\side-projects\learning opengl\learning opengl\release\vc142.pdb
d:\wamp64\www\github\side-projects\learning opengl\learning opengl\release\main.obj
d:\wamp64\www\github\side-projects\learning opengl\learning opengl\release\vertexbuffer.obj
d:\wamp64\www\github\side-projects\learning opengl\learning opengl\release\vertexarray.obj
d:\wamp64\www\github\side-projects\learning opengl\learning opengl\release\shader.obj
d:\wamp64\www\github\side-projects\learning opengl\learning opengl\release\renderer.obj
d:\wamp64\www\github\side-projects\learning opengl\learning opengl\release\indexbuffer.obj
d:\wamp64\www\github\side-projects\learning opengl\learning opengl\release\core.obj
d:\wamp64\www\github\side-projects\learning opengl\learning opengl\release\glm.obj
d:\wamp64\www\github\side-projects\learning opengl\learning opengl\release\stb_image.obj
d:\wamp64\www\github\side-projects\learning opengl\learning opengl\release\renderer2d.obj
d:\wamp64\www\github\side-projects\learning opengl\learning opengl\release\debug.obj
d:\wamp64\www\github\side-projects\learning opengl\learning opengl\release\util.obj
d:\wamp64\www\github\side-projects\learning opengl\learning opengl\release\texture2d.obj
d:\wamp64\www\github\side-projects\learning opengl\learning opengl\release\input.obj
d:\wamp64\www\github\side-projects\learning opengl\learning opengl\release\camera.obj
d:\wamp64\www\github\side-projects\learning opengl\learning opengl\release\buffer.obj
d:\wamp64\www\github\side-projects\learning opengl\learning opengl\release\application.obj
d:\wamp64\www\github\side-projects\learning opengl\learning opengl\release\testing.obj
d:\wamp64\www\github\side-projects\learning opengl\learning opengl\release\orthocamera.obj
d:\wamp64\www\github\side-projects\learning opengl\learning opengl\release\orbitcamera.obj
d:\wamp64\www\github\side-projects\learning opengl\release\learning opengl.ipdb
d:\wamp64\www\github\side-projects\learning opengl\release\learning opengl.iobj
d:\wamp64\www\github\side-projects\learning opengl\release\learning opengl.exe
d:\wamp64\www\github\side-projects\learning opengl\release\learning opengl.pdb
d:\wamp64\www\github\side-projects\learning opengl\learning opengl\release\learning opengl.tlog\cl.command.1.tlog
d:\wamp64\www\github\side-projects\learning opengl\learning opengl\release\learning opengl.tlog\cl.read.1.tlog
d:\wamp64\www\github\side-projects\learning opengl\learning opengl\release\learning opengl.tlog\cl.write.1.tlog
d:\wamp64\www\github\side-projects\learning opengl\learning opengl\release\learning opengl.tlog\learning opengl.write.1u.tlog
d:\wamp64\www\github\side-projects\learning opengl\learning opengl\release\learning opengl.tlog\link.command.1.tlog
d:\wamp64\www\github\side-projects\learning opengl\learning opengl\release\learning opengl.tlog\link.read.1.tlog
d:\wamp64\www\github\side-projects\learning opengl\learning opengl\release\learning opengl.tlog\link.write.1.tlog
