d:\wamp64\www\github\side-projects\learning opengl\learning opengl\debug\vc142.pdb
d:\wamp64\www\github\side-projects\learning opengl\learning opengl\debug\vc142.idb
d:\wamp64\www\github\side-projects\learning opengl\learning opengl\debug\glm.obj
d:\wamp64\www\github\side-projects\learning opengl\learning opengl\debug\testing.obj
d:\wamp64\www\github\side-projects\learning opengl\learning opengl\debug\renderer2d.obj
d:\wamp64\www\github\side-projects\learning opengl\learning opengl\debug\debug.obj
d:\wamp64\www\github\side-projects\learning opengl\learning opengl\debug\util.obj
d:\wamp64\www\github\side-projects\learning opengl\learning opengl\debug\shader.obj
d:\wamp64\www\github\side-projects\learning opengl\learning opengl\debug\vertexarray.obj
d:\wamp64\www\github\side-projects\learning opengl\learning opengl\debug\buffer.obj
d:\wamp64\www\github\side-projects\learning opengl\learning opengl\debug\application.obj
d:\wamp64\www\github\side-projects\learning opengl\learning opengl\debug\stb_image.obj
d:\wamp64\www\github\side-projects\learning opengl\learning opengl\debug\texture2d.obj
d:\wamp64\www\github\side-projects\learning opengl\debug\learning opengl.exe
d:\wamp64\www\github\side-projects\learning opengl\debug\learning opengl.ilk
d:\wamp64\www\github\side-projects\learning opengl\debug\learning opengl.pdb
d:\wamp64\www\github\side-projects\learning opengl\learning opengl\debug\testing.obj.enc
d:\wamp64\www\github\side-projects\learning opengl\learning opengl\debug\learning opengl.tlog\cl.command.1.tlog
d:\wamp64\www\github\side-projects\learning opengl\learning opengl\debug\learning opengl.tlog\cl.read.1.tlog
d:\wamp64\www\github\side-projects\learning opengl\learning opengl\debug\learning opengl.tlog\cl.write.1.tlog
d:\wamp64\www\github\side-projects\learning opengl\learning opengl\debug\learning opengl.tlog\link.command.1.tlog
d:\wamp64\www\github\side-projects\learning opengl\learning opengl\debug\learning opengl.tlog\link.read.1.tlog
d:\wamp64\www\github\side-projects\learning opengl\learning opengl\debug\learning opengl.tlog\link.write.1.tlog
