  Application.cpp
  Buffer.cpp
  Camera.cpp
  input.cpp
  Shader.cpp
D:\Wamp64\www\GitHub\Side-Projects\Learning OpenGL\Learning OpenGL\src\core\Shader.cpp(60,15): warning C4244: 'initializing': conversion from 'std::streamoff' to 'size_t', possible loss of data
  Texture2D.cpp
  Util.cpp
D:\Wamp64\www\GitHub\Side-Projects\Learning OpenGL\Learning OpenGL\src\core\util\Util.cpp(49,16): warning C4244: 'argument': conversion from 'int' to 'float', possible loss of data
D:\Wamp64\www\GitHub\Side-Projects\Learning OpenGL\Learning OpenGL\src\core\util\Util.cpp(50,16): warning C4244: 'argument': conversion from 'int' to 'float', possible loss of data
D:\Wamp64\www\GitHub\Side-Projects\Learning OpenGL\Learning OpenGL\src\core\util\Util.cpp(51,16): warning C4244: 'argument': conversion from 'int' to 'float', possible loss of data
D:\Wamp64\www\GitHub\Side-Projects\Learning OpenGL\Learning OpenGL\src\core\util\Util.cpp(52,16): warning C4244: 'argument': conversion from 'int' to 'float', possible loss of data
D:\Wamp64\www\GitHub\Side-Projects\Learning OpenGL\Learning OpenGL\src\core\util\Util.cpp(54,50): warning C4244: 'argument': conversion from 'double' to 'float', possible loss of data
D:\Wamp64\www\GitHub\Side-Projects\Learning OpenGL\Learning OpenGL\src\core\util\Util.cpp(54,39): warning C4244: 'argument': conversion from 'double' to 'float', possible loss of data
D:\Wamp64\www\GitHub\Side-Projects\Learning OpenGL\Learning OpenGL\src\core\util\Util.cpp(54,28): warning C4244: 'argument': conversion from 'double' to 'float', possible loss of data
D:\Wamp64\www\GitHub\Side-Projects\Learning OpenGL\Learning OpenGL\src\core\util\Util.cpp(54,17): warning C4244: 'argument': conversion from 'double' to 'float', possible loss of data
D:\Wamp64\www\GitHub\Side-Projects\Learning OpenGL\Learning OpenGL\src\core\util\Util.cpp(74,30): warning C4244: 'argument': conversion from 'double' to 'int', possible loss of data
D:\Wamp64\www\GitHub\Side-Projects\Learning OpenGL\Learning OpenGL\src\core\util\Util.cpp(74,27): warning C4244: 'argument': conversion from 'double' to 'int', possible loss of data
D:\Wamp64\www\GitHub\Side-Projects\Learning OpenGL\Learning OpenGL\src\core\util\Util.cpp(74,24): warning C4244: 'argument': conversion from 'double' to 'int', possible loss of data
  Debug.cpp
  Renderer2D.cpp
  VertexArray.cpp
  stb_image.cpp
  glm.cpp
  Generating Code...
  Learning OpenGL.vcxproj -> D:\Wamp64\www\GitHub\Side-Projects\Learning OpenGL\Debug\Learning OpenGL.lib
